0 info it worked if it ends with ok
1 verbose cli [ 'node', '/usr/local/bin/npm', 'i', 'https' ]
2 info using npm@1.4.3
3 info using node@v0.10.26
4 warn package.json fs@0.0.2 fs is also the name of a node core module.
5 warn package.json fs@0.0.2 No description
6 warn package.json fs@0.0.2 No repository field.
7 verbose readDependencies using package.json deps
8 verbose cache add [ 'https', null ]
9 verbose cache add name=undefined spec="https" args=["https",null]
10 verbose parsed url { protocol: null,
10 verbose parsed url   slashes: null,
10 verbose parsed url   auth: null,
10 verbose parsed url   host: null,
10 verbose parsed url   port: null,
10 verbose parsed url   hostname: null,
10 verbose parsed url   hash: null,
10 verbose parsed url   search: null,
10 verbose parsed url   query: null,
10 verbose parsed url   pathname: 'https',
10 verbose parsed url   path: 'https',
10 verbose parsed url   href: 'https' }
11 silly lockFile c3437dbc-https https
12 verbose lock https /nfs/zfs-student-2/users/2013/grass-kw/.npm/c3437dbc-https.lock
13 silly lockFile c3437dbc-https https
14 silly lockFile c3437dbc-https https
15 verbose addNamed [ 'https', '' ]
16 verbose addNamed [ null, '*' ]
17 silly lockFile 421d451a-https https@
18 verbose lock https@ /nfs/zfs-student-2/users/2013/grass-kw/.npm/421d451a-https.lock
19 silly addNameRange { name: 'https', range: '*', hasData: false }
20 verbose url raw https
21 verbose url resolving [ 'https://registry.npmjs.org/', './https' ]
22 verbose url resolved https://registry.npmjs.org/https
23 info trying registry request attempt 1 at 13:58:41
24 http GET https://registry.npmjs.org/https
25 http 404 https://registry.npmjs.org/https
26 silly registry.get cb [ 404,
26 silly registry.get   { date: 'Wed, 04 Mar 2015 12:58:42 GMT',
26 silly registry.get     server: 'CouchDB/1.5.0 (Erlang OTP/R16B03)',
26 silly registry.get     'content-type': 'application/json',
26 silly registry.get     'cache-control': 'max-age=0',
26 silly registry.get     'content-length': '52',
26 silly registry.get     'accept-ranges': 'bytes',
26 silly registry.get     via: '1.1 varnish',
26 silly registry.get     age: '0',
26 silly registry.get     'x-served-by': 'cache-lcy1131-LCY',
26 silly registry.get     'x-cache': 'MISS',
26 silly registry.get     'x-cache-hits': '0',
26 silly registry.get     'x-timer': 'S1425473922.089829,VS0,VE192',
26 silly registry.get     'keep-alive': 'timeout=10, max=50',
26 silly registry.get     connection: 'Keep-Alive' } ]
27 silly lockFile 421d451a-https https@
28 silly lockFile 421d451a-https https@
29 error 404 'https' is not in the npm registry.
29 error 404 You should bug the author to publish it
29 error 404 It was specified as a dependency of 'jojo'
29 error 404
29 error 404 Note that you can also install from a
29 error 404 tarball, folder, or http url, or git url.
30 error System Darwin 13.4.0
31 error command "node" "/usr/local/bin/npm" "i" "https"
32 error cwd /Volumes/Data/nfs/zfs-student-2/users/2013/grass-kw/Desktop/mamp/apps/framework1/htdocs
33 error node -v v0.10.26
34 error npm -v 1.4.3
35 error code E404
36 verbose exit [ 1, true ]
